[dataplustemplate.webflow.io/home-pages/home-v3.html]
[backblue.gif]
[fade.gif]
[index.html]
[dataplustemplate.webflow.io/home-pages/home-v1.html]
[assets-global.website-files.com/63619a386216ae681d93409b/css/dataplustemplate.webflow.aa0098822.css]
[dataplustemplate.webflow.io/home-pages/home-v2.html]
[assets-global.website-files.com/63619a386216ae681d93409b/63657b83d514ed6017c7ac8d_image-1-hero-v3-dataplus-template.png]
[assets-global.website-files.com/63619a386216ae681d93409b/63657b838a9ca3a476a9480e_image-2-hero-v3-dataplus-template.png]
[assets-global.website-files.com/63619a386216ae681d93409b/6362b8c632be3d1c56cdc377_image-1-hero-v1-dataplus-template.png]
[assets-global.website-files.com/63619a386216ae681d93409b/636571a13cdbb05b480fee9a_image-1-perks-v2-section-dataplus-template.png]
[assets-global.website-files.com/63619a386216ae681d93409b/63630250b52fe75e05d90481_image-1-testimonial-strip-dataplus-template.jpg]
[assets-global.website-files.com/63619a386216ae681d93409b/63630250d4ec6b51bad50706_image-2-testimonial-strip-dataplus-template.jpg]
[assets-global.website-files.com/63619a386216ae681d93409b/6363024f6ef8bb3c2c276689_image-3-testimonial-strip-dataplus-template.jpg]
[assets-global.website-files.com/63619a386216ae681d93409b/63630250686bfc58802b6588_image-4-testimonial-strip-dataplus-template.jpg]
[assets-global.website-files.com/63619a386216ae681d93409b/63630250788bd050f93a4fe6_image-8-testimonial-strip-dataplus-template.jpg]
[assets-global.website-files.com/63619a386216ae681d93409b/63630250dcbdd3978177e81e_image-6-testimonial-strip-dataplus-template.jpg]
[assets-global.website-files.com/63619a386216ae681d93409b/6363024f74a949560a66e734_image-7-testimonial-strip-dataplus-template.jpg]
[assets-global.website-files.com/63619a386216ae681d93409b/65e0d67bce0bd2c26c80ba1a_webflow-logo.png]
[d3e54v103j8qbb.cloudfront.net/js/jquery-3.5.1.min.dc5e7f18c81105.js]
[dataplustemplate.webflow.io/home-pages/home-v3.html]
[assets-global.website-files.com/63619a386216ae681d93409b/css/dataplustemplate.webflow.aa0098822.css]
[assets-global.website-files.com/63619a386216ae681d93409b/js/webflow.1ce36f782.js]
[assets-global.website-files.com/63619a386216ae681d93409b/6362c97b72d42e05c2e81932_image-1-features-section-dataplus-template.png]
[assets-global.website-files.com/63619a386216ae681d93409b/6362d09e7bacf113b5419ece_image-stats-section-dataplus-template.png]
[assets-global.website-files.com/63619a386216ae681d93409b/63630e0a6ed22d67cbe1dd16_image-1-slider-v1-dataplus-template.png]
[assets-global.website-files.com/63619a386216ae681d93409b/63630e0badc09d756208dd70_image-2-slider-v1-dataplus-template.png]
[assets-global.website-files.com/63619a386216ae681d93409b/63630e0989d89f2eaeeed2a3_image-3-slider-v1-dataplus-template.png]
[assets-global.website-files.com/63619a386216ae681d93409b/63630e0a6ed22d2c98e1dd15_image-4-slider-v1-dataplus-template.png]
[assets-global.website-files.com/63619a386216ae681d93409b/63630e0ae9afcde565c355fe_image-5-slider-v1-dataplus-template.png]
[dataplustemplate.webflow.io/home-pages/home-v1.html]
[assets-global.website-files.com/63619a386216ae681d93409b/63656f05372cec262d99a780_image-3-perks-section-dataplus-template.png]
[assets-global.website-files.com/63619a386216ae681d93409b/63643f53441d999d65d94a77_image-stats-v2-section-dataplus-template.png]
[assets-global.website-files.com/63619a386216ae681d93409b/63645c1bcdbed62679d71d0a_image-1-testimonial-v2-strip-dataplus-template.jpg]
[assets-global.website-files.com/63619a386216ae681d93409b/63645c1bcdbed6bfe3d71d09_image-3-testimonial-v2-strip-dataplus-template.jpg]
[assets-global.website-files.com/63619a386216ae681d93409b/63645c1abc276d45f4eb98b2_image-5-testimonial-v2-strip-dataplus-template.jpg]
[assets-global.website-files.com/63619a386216ae681d93409b/63645c248c5690d3d4b2a4ff_image-2-testimonial-v2-strip-dataplus-template.jpg]
[assets-global.website-files.com/63619a386216ae681d93409b/63645c1bbc276d447beb98b4_image-4-testimonial-v2-strip-dataplus-template.jpg]
[assets-global.website-files.com/63619a386216ae681d93409b/63645c1bc3bd1d71a0f1ff77_image-6-testimonial-v2-strip-dataplus-template.jpg]
[dataplustemplate.webflow.io/home-pages/home-v2.html]
